Determining if the pthread_create exist failed with the following output:
Change Dir: /home/odin/Desktop/Kvasir/build-ObRoDecoder-Desktop-Default/CMakeFiles/CMakeTmp

Run Build Command:/usr/bin/make "cmTryCompileExec2807134752/fast"
make[1]: Entering directory `/home/odin/Desktop/Kvasir/build-ObRoDecoder-Desktop-Default/CMakeFiles/CMakeTmp'
/usr/bin/make -f CMakeFiles/cmTryCompileExec2807134752.dir/build.make CMakeFiles/cmTryCompileExec2807134752.dir/build
make[2]: Entering directory `/home/odin/Desktop/Kvasir/build-ObRoDecoder-Desktop-Default/CMakeFiles/CMakeTmp'
/usr/bin/cmake -E cmake_progress_report /home/odin/Desktop/Kvasir/build-ObRoDecoder-Desktop-Default/CMakeFiles/CMakeTmp/CMakeFiles 1
Building C object CMakeFiles/cmTryCompileExec2807134752.dir/CheckSymbolExists.c.o
/usr/bin/cc    -o CMakeFiles/cmTryCompileExec2807134752.dir/CheckSymbolExists.c.o   -c /home/odin/Desktop/Kvasir/build-ObRoDecoder-Desktop-Default/CMakeFiles/CMakeTmp/CheckSymbolExists.c
Linking C executable cmTryCompileExec2807134752
/usr/bin/cmake -E cmake_link_script CMakeFiles/cmTryCompileExec2807134752.dir/link.txt --verbose=1
/usr/bin/cc       CMakeFiles/cmTryCompileExec2807134752.dir/CheckSymbolExists.c.o  -o cmTryCompileExec2807134752 -rdynamic 
CMakeFiles/cmTryCompileExec2807134752.dir/CheckSymbolExists.c.o: In function `main':
CheckSymbolExists.c:(.text+0x16): undefined reference to `pthread_create'
collect2: error: ld returned 1 exit status
make[2]: Leaving directory `/home/odin/Desktop/Kvasir/build-ObRoDecoder-Desktop-Default/CMakeFiles/CMakeTmp'
make[2]: *** [cmTryCompileExec2807134752] Error 1
make[1]: Leaving directory `/home/odin/Desktop/Kvasir/build-ObRoDecoder-Desktop-Default/CMakeFiles/CMakeTmp'
make[1]: *** [cmTryCompileExec2807134752/fast] Error 2

File /home/odin/Desktop/Kvasir/build-ObRoDecoder-Desktop-Default/CMakeFiles/CMakeTmp/CheckSymbolExists.c:
/* */
#include <pthread.h>

int main(int argc, char** argv)
{
  (void)argv;
#ifndef pthread_create
  return ((int*)(&pthread_create))[argc];
#else
  (void)argc;
  return 0;
#endif
}

Determining if the function pthread_create exists in the pthreads failed with the following output:
Change Dir: /home/odin/Desktop/Kvasir/build-ObRoDecoder-Desktop-Default/CMakeFiles/CMakeTmp

Run Build Command:/usr/bin/make "cmTryCompileExec864322326/fast"
make[1]: Entering directory `/home/odin/Desktop/Kvasir/build-ObRoDecoder-Desktop-Default/CMakeFiles/CMakeTmp'
/usr/bin/make -f CMakeFiles/cmTryCompileExec864322326.dir/build.make CMakeFiles/cmTryCompileExec864322326.dir/build
make[2]: Entering directory `/home/odin/Desktop/Kvasir/build-ObRoDecoder-Desktop-Default/CMakeFiles/CMakeTmp'
/usr/bin/cmake -E cmake_progress_report /home/odin/Desktop/Kvasir/build-ObRoDecoder-Desktop-Default/CMakeFiles/CMakeTmp/CMakeFiles 1
Building C object CMakeFiles/cmTryCompileExec864322326.dir/CheckFunctionExists.c.o
/usr/bin/cc   -DCHECK_FUNCTION_EXISTS=pthread_create   -o CMakeFiles/cmTryCompileExec864322326.dir/CheckFunctionExists.c.o   -c /usr/share/cmake-2.8/Modules/CheckFunctionExists.c
Linking C executable cmTryCompileExec864322326
/usr/bin/cmake -E cmake_link_script CMakeFiles/cmTryCompileExec864322326.dir/link.txt --verbose=1
/usr/bin/cc   -DCHECK_FUNCTION_EXISTS=pthread_create    CMakeFiles/cmTryCompileExec864322326.dir/CheckFunctionExists.c.o  -o cmTryCompileExec864322326 -rdynamic -lpthreads 
/usr/bin/ld: cannot find -lpthreads
collect2: error: ld returned 1 exit status
make[2]: Leaving directory `/home/odin/Desktop/Kvasir/build-ObRoDecoder-Desktop-Default/CMakeFiles/CMakeTmp'
make[2]: *** [cmTryCompileExec864322326] Error 1
make[1]: Leaving directory `/home/odin/Desktop/Kvasir/build-ObRoDecoder-Desktop-Default/CMakeFiles/CMakeTmp'
make[1]: *** [cmTryCompileExec864322326/fast] Error 2


